\BOOKMARK [0][-]{chapter.1}{Introduction}{}% 1
\BOOKMARK [1][-]{section.1.1}{Objectives}{chapter.1}% 2
\BOOKMARK [2][-]{subsection.1.1.1}{Problem description}{section.1.1}% 3
\BOOKMARK [2][-]{subsection.1.1.2}{Main Objective}{section.1.1}% 4
\BOOKMARK [2][-]{subsection.1.1.3}{Requeriments}{section.1.1}% 5
\BOOKMARK [1][-]{section.1.2}{Demos}{chapter.1}% 6
\BOOKMARK [0][-]{chapter.2}{Proyect context}{}% 7
\BOOKMARK [1][-]{section.2.1}{Free software}{chapter.2}% 8
\BOOKMARK [1][-]{section.2.2}{Objetivos espec\355ficos}{chapter.2}% 9
\BOOKMARK [1][-]{section.2.3}{Planificaci\363n temporal}{chapter.2}% 10
\BOOKMARK [0][-]{chapter.3}{Objetivos}{}% 11
\BOOKMARK [1][-]{section.3.1}{Objetivo general}{chapter.3}% 12
\BOOKMARK [1][-]{section.3.2}{Objetivos espec\355ficos}{chapter.3}% 13
\BOOKMARK [1][-]{section.3.3}{Planificaci\363n temporal}{chapter.3}% 14
\BOOKMARK [0][-]{chapter.4}{Used technologies}{}% 15
\BOOKMARK [1][-]{section.4.1}{HTML5}{chapter.4}% 16
\BOOKMARK [2][-]{subsection.4.1.1}{General description}{section.4.1}% 17
\BOOKMARK [2][-]{subsection.4.1.2}{In this project}{section.4.1}% 18
\BOOKMARK [1][-]{section.4.2}{Javascript}{chapter.4}% 19
\BOOKMARK [2][-]{subsection.4.2.1}{Main features}{section.4.2}% 20
\BOOKMARK [2][-]{subsection.4.2.2}{In this project}{section.4.2}% 21
\BOOKMARK [1][-]{section.4.3}{JQuery}{chapter.4}% 22
\BOOKMARK [1][-]{section.4.4}{WebGL}{chapter.4}% 23
\BOOKMARK [2][-]{subsection.4.4.1}{Support}{section.4.4}% 24
\BOOKMARK [1][-]{section.4.5}{Three}{chapter.4}% 25
\BOOKMARK [1][-]{section.4.6}{Crossfilter}{chapter.4}% 26
\BOOKMARK [1][-]{section.4.7}{Domevents}{chapter.4}% 27
\BOOKMARK [1][-]{section.4.8}{Orbitcontrols}{chapter.4}% 28
\BOOKMARK [1][-]{section.4.9}{Secci\363n 1}{chapter.4}% 29
\BOOKMARK [0][-]{chapter.5}{Dise\361o e implementaci\363n}{}% 30
\BOOKMARK [1][-]{section.5.1}{Arquitectura general}{chapter.5}% 31
\BOOKMARK [0][-]{chapter.6}{Resultados}{}% 32
\BOOKMARK [0][-]{chapter.7}{Conclusiones}{}% 33
\BOOKMARK [1][-]{section.7.1}{Consecuci\363n de objetivos}{chapter.7}% 34
\BOOKMARK [1][-]{section.7.2}{Aplicaci\363n de lo aprendido}{chapter.7}% 35
\BOOKMARK [1][-]{section.7.3}{Lecciones aprendidas}{chapter.7}% 36
\BOOKMARK [1][-]{section.7.4}{Trabajos futuros}{chapter.7}% 37
\BOOKMARK [1][-]{section.7.5}{Valoraci\363n personal}{chapter.7}% 38
\BOOKMARK [0][-]{appendix.Alph1}{Manual de usuario}{}% 39
